  [1m[35m (2065.8ms)[0m  [1m[35mCREATE DATABASE "todos_development" ENCODING = 'unicode'[0m
  ↳ bin/rails:9
  [1m[35m (306.2ms)[0m  [1m[35mCREATE DATABASE "todos_test" ENCODING = 'unicode'[0m
  ↳ bin/rails:9
  [1m[35m (735.6ms)[0m  [1m[35mCREATE TABLE "schema_migrations" ("version" character varying NOT NULL PRIMARY KEY)[0m
  ↳ bin/rails:9
  [1m[35m (222.5ms)[0m  [1m[35mCREATE TABLE "ar_internal_metadata" ("key" character varying NOT NULL PRIMARY KEY, "value" character varying, "created_at" timestamp NOT NULL, "updated_at" timestamp NOT NULL)[0m
  ↳ bin/rails:9
  [1m[35m (87.8ms)[0m  [1m[34mSELECT pg_try_advisory_lock(5286629289131009610)[0m
  ↳ bin/rails:9
  [1m[35m (28.2ms)[0m  [1m[34mSELECT "schema_migrations"."version" FROM "schema_migrations" ORDER BY "schema_migrations"."version" ASC[0m
  ↳ bin/rails:9
Migrating to CreateTodos (20181204213830)
  [1m[35m (0.2ms)[0m  [1m[35mBEGIN[0m
  ↳ bin/rails:9
  [1m[35m (164.3ms)[0m  [1m[35mCREATE TABLE "todos" ("id" bigserial primary key, "title" character varying NOT NULL, "body" character varying NOT NULL, "done" boolean DEFAULT FALSE)[0m
  ↳ db/migrate/20181204213830_create_todos.rb:3
  [1m[35m (55.3ms)[0m  [1m[35mCREATE  INDEX  "index_todos_on_title" ON "todos"  ("title")[0m
  ↳ db/migrate/20181204213830_create_todos.rb:8
  [1m[36mActiveRecord::SchemaMigration Create (87.5ms)[0m  [1m[32mINSERT INTO "schema_migrations" ("version") VALUES ($1) RETURNING "version"[0m  [["version", "20181204213830"]]
  ↳ bin/rails:9
  [1m[35m (14.4ms)[0m  [1m[35mCOMMIT[0m
  ↳ bin/rails:9
  [1m[36mActiveRecord::InternalMetadata Load (49.3ms)[0m  [1m[34mSELECT  "ar_internal_metadata".* FROM "ar_internal_metadata" WHERE "ar_internal_metadata"."key" = $1 LIMIT $2[0m  [["key", "environment"], ["LIMIT", 1]]
  ↳ bin/rails:9
  [1m[35m (0.2ms)[0m  [1m[35mBEGIN[0m
  ↳ bin/rails:9
  [1m[36mActiveRecord::InternalMetadata Create (26.9ms)[0m  [1m[32mINSERT INTO "ar_internal_metadata" ("key", "value", "created_at", "updated_at") VALUES ($1, $2, $3, $4) RETURNING "key"[0m  [["key", "environment"], ["value", "development"], ["created_at", "2018-12-04 21:40:50.128534"], ["updated_at", "2018-12-04 21:40:50.128534"]]
  ↳ bin/rails:9
  [1m[35m (9.2ms)[0m  [1m[35mCOMMIT[0m
  ↳ bin/rails:9
  [1m[35m (0.4ms)[0m  [1m[34mSELECT pg_advisory_unlock(5286629289131009610)[0m
  ↳ bin/rails:9
  [1m[35m (0.3ms)[0m  [1m[34mSELECT "schema_migrations"."version" FROM "schema_migrations" ORDER BY "schema_migrations"."version" ASC[0m
  ↳ bin/rails:9
  [1m[35m (1.1ms)[0m  [1m[34mSELECT "schema_migrations"."version" FROM "schema_migrations" ORDER BY "schema_migrations"."version" ASC[0m
  ↳ /usr/local/var/rbenv/versions/2.5.0/bin/annotate:23
  [1m[35m (0.3ms)[0m  [1m[35mBEGIN[0m
  [1m[36mTodo Create (48.9ms)[0m  [1m[32mINSERT INTO "todos" ("title", "body") VALUES ($1, $2) RETURNING "id"[0m  [["title", "Buy Coffee"], ["body", "Go to supermarket"]]
  [1m[35m (0.6ms)[0m  [1m[35mCOMMIT[0m
  [1m[36mTodo Load (0.7ms)[0m  [1m[34mSELECT "todos".* FROM "todos"[0m
  [1m[36mTodo Load (0.6ms)[0m  [1m[34mSELECT "todos".* FROM "todos"[0m
  [1m[35m (0.2ms)[0m  [1m[35mBEGIN[0m
  [1m[36mTodo Create (45.0ms)[0m  [1m[32mINSERT INTO "todos" ("title", "body") VALUES ($1, $2) RETURNING "id"[0m  [["title", "Make todo app"], ["body", "Try your best"]]
  [1m[35m (0.6ms)[0m  [1m[35mCOMMIT[0m
  [1m[36mTodo Load (0.6ms)[0m  [1m[34mSELECT "todos".* FROM "todos"[0m
Started GET "/session/new" for 127.0.0.1 at 2018-12-04 14:01:08 -0800
  [1m[35m (1.4ms)[0m  [1m[34mSELECT "schema_migrations"."version" FROM "schema_migrations" ORDER BY "schema_migrations"."version" ASC[0m
  ↳ /usr/local/var/rbenv/versions/2.5.0/lib/ruby/gems/2.5.0/gems/activerecord-5.2.2/lib/active_record/log_subscriber.rb:98
  
ActionController::RoutingError (No route matches [GET] "/session/new"):
  
actionpack (5.2.2) lib/action_dispatch/middleware/debug_exceptions.rb:65:in `call'
web-console (3.7.0) lib/web_console/middleware.rb:135:in `call_app'
web-console (3.7.0) lib/web_console/middleware.rb:30:in `block in call'
web-console (3.7.0) lib/web_console/middleware.rb:20:in `catch'
web-console (3.7.0) lib/web_console/middleware.rb:20:in `call'
actionpack (5.2.2) lib/action_dispatch/middleware/show_exceptions.rb:33:in `call'
railties (5.2.2) lib/rails/rack/logger.rb:38:in `call_app'
railties (5.2.2) lib/rails/rack/logger.rb:26:in `block in call'
activesupport (5.2.2) lib/active_support/tagged_logging.rb:71:in `block in tagged'
activesupport (5.2.2) lib/active_support/tagged_logging.rb:28:in `tagged'
activesupport (5.2.2) lib/active_support/tagged_logging.rb:71:in `tagged'
railties (5.2.2) lib/rails/rack/logger.rb:26:in `call'
sprockets-rails (3.2.1) lib/sprockets/rails/quiet_assets.rb:13:in `call'
actionpack (5.2.2) lib/action_dispatch/middleware/remote_ip.rb:81:in `call'
actionpack (5.2.2) lib/action_dispatch/middleware/request_id.rb:27:in `call'
rack (2.0.6) lib/rack/method_override.rb:22:in `call'
rack (2.0.6) lib/rack/runtime.rb:22:in `call'
activesupport (5.2.2) lib/active_support/cache/strategy/local_cache_middleware.rb:29:in `call'
actionpack (5.2.2) lib/action_dispatch/middleware/executor.rb:14:in `call'
actionpack (5.2.2) lib/action_dispatch/middleware/static.rb:127:in `call'
rack (2.0.6) lib/rack/sendfile.rb:111:in `call'
railties (5.2.2) lib/rails/engine.rb:524:in `call'
puma (3.12.0) lib/puma/configuration.rb:225:in `call'
puma (3.12.0) lib/puma/server.rb:658:in `handle_request'
puma (3.12.0) lib/puma/server.rb:472:in `process_client'
puma (3.12.0) lib/puma/server.rb:332:in `block in run'
puma (3.12.0) lib/puma/thread_pool.rb:133:in `block in spawn_thread'
Started GET "/" for 127.0.0.1 at 2018-12-04 14:01:11 -0800

NameError - uninitialized constant StaticPagesController:

Started POST "/__better_errors/a0a30f98473e9edd/variables" for 127.0.0.1 at 2018-12-04 14:01:12 -0800
Started POST "/__better_errors/a0a30f98473e9edd/eval" for 127.0.0.1 at 2018-12-04 14:02:08 -0800
Started GET "/" for 127.0.0.1 at 2018-12-04 14:03:58 -0800
Processing by StaticPagesController#root as HTML
  Rendering static_pages/root.html.erb within layouts/application
  Rendered static_pages/root.html.erb within layouts/application (0.7ms)
Completed 200 OK in 722ms (Views: 722.0ms | ActiveRecord: 0.0ms)


Started GET "/" for 127.0.0.1 at 2018-12-04 14:03:59 -0800
Processing by StaticPagesController#root as HTML
  Rendering static_pages/root.html.erb within layouts/application
  Rendered static_pages/root.html.erb within layouts/application (0.4ms)
Completed 200 OK in 24ms (Views: 23.5ms | ActiveRecord: 0.0ms)


Started GET "/api/todos" for 127.0.0.1 at 2018-12-04 14:05:49 -0800

LoadError - Unable to autoload constant Api::TodosController, expected /Users/appacademy/Desktop/W7D2/todos/app/controllers/api/todos_controller.rb to define it:

Started GET "/" for 127.0.0.1 at 2018-12-04 14:08:45 -0800
Processing by StaticPagesController#root as HTML
  Rendering static_pages/root.html.erb within layouts/application
  Rendered static_pages/root.html.erb within layouts/application (0.4ms)
Completed 200 OK in 92ms (Views: 91.3ms | ActiveRecord: 0.0ms)


Started GET "/api/todos" for 127.0.0.1 at 2018-12-04 14:08:48 -0800

LoadError - Unable to autoload constant Api::TodosController, expected /Users/appacademy/Desktop/W7D2/todos/app/controllers/api/todos_controller.rb to define it:

Started GET "/" for 127.0.0.1 at 2018-12-04 14:09:04 -0800
Processing by StaticPagesController#root as HTML
  Rendering static_pages/root.html.erb within layouts/application
  Rendered static_pages/root.html.erb within layouts/application (0.5ms)
Completed 200 OK in 118ms (Views: 117.5ms | ActiveRecord: 0.0ms)


Started GET "/api/todos" for 127.0.0.1 at 2018-12-04 14:09:07 -0800

TypeError - superclass mismatch for class TodosController:
  app/controllers/api/todos_controller.rb:1:in `<main>'

Started GET "/" for 127.0.0.1 at 2018-12-04 14:10:03 -0800
Processing by StaticPagesController#root as HTML
  Rendering static_pages/root.html.erb within layouts/application
  Rendered static_pages/root.html.erb within layouts/application (0.7ms)
Completed 200 OK in 495ms (Views: 494.3ms | ActiveRecord: 0.0ms)


Started GET "/api/todos" for 127.0.0.1 at 2018-12-04 14:10:06 -0800

LoadError - Unable to autoload constant Api::TodosController, expected /Users/appacademy/Desktop/W7D2/todos/app/controllers/api/todos_controller.rb to define it:

Started GET "/" for 127.0.0.1 at 2018-12-04 14:10:15 -0800
Processing by StaticPagesController#root as HTML
  Rendering static_pages/root.html.erb within layouts/application
  Rendered static_pages/root.html.erb within layouts/application (0.6ms)
Completed 200 OK in 44ms (Views: 43.2ms | ActiveRecord: 0.0ms)


Started GET "/api/todos" for 127.0.0.1 at 2018-12-04 14:10:16 -0800
Processing by Api::TodosController#index as JSON
Started GET "/" for 127.0.0.1 at 2018-12-04 14:10:58 -0800
Started GET "/" for 127.0.0.1 at 2018-12-04 14:10:58 -0800
Processing by StaticPagesController#root as HTML
Processing by StaticPagesController#root as HTML
  Rendering static_pages/root.html.erb within layouts/application
  Rendered static_pages/root.html.erb within layouts/application (0.4ms)
  Rendering static_pages/root.html.erb within layouts/application
  Rendered static_pages/root.html.erb within layouts/application (0.0ms)
Completed 200 OK in 68ms (Views: 67.5ms | ActiveRecord: 0.0ms)


Completed 200 OK in 82ms (Views: 81.7ms | ActiveRecord: 0.0ms)


Started GET "/" for 127.0.0.1 at 2018-12-04 14:10:58 -0800
  [1m[36mTodo Load (1.3ms)[0m  [1m[34mSELECT "todos".* FROM "todos"[0m
  ↳ app/controllers/api/todos_controller.rb:9
Completed 200 OK in 41336ms (Views: 20.2ms | ActiveRecord: 11.9ms)


Processing by StaticPagesController#root as HTML
  Rendering static_pages/root.html.erb within layouts/application
  Rendered static_pages/root.html.erb within layouts/application (0.5ms)
Completed 200 OK in 16ms (Views: 15.7ms | ActiveRecord: 0.0ms)


Started GET "/" for 127.0.0.1 at 2018-12-04 14:11:02 -0800
Processing by StaticPagesController#root as HTML
  Rendering static_pages/root.html.erb within layouts/application
  Rendered static_pages/root.html.erb within layouts/application (0.9ms)
Completed 200 OK in 28ms (Views: 27.2ms | ActiveRecord: 0.0ms)


Started GET "/api/todos" for 127.0.0.1 at 2018-12-04 14:11:15 -0800
Processing by Api::TodosController#index as JSON
  [1m[36mTodo Load (0.4ms)[0m  [1m[34mSELECT "todos".* FROM "todos"[0m
  ↳ app/controllers/api/todos_controller.rb:8
Completed 200 OK in 15ms (Views: 6.9ms | ActiveRecord: 5.9ms)


Started GET "/" for 127.0.0.1 at 2018-12-04 14:15:51 -0800
Processing by StaticPagesController#root as HTML
  Rendering static_pages/root.html.erb within layouts/application
  Rendered static_pages/root.html.erb within layouts/application (0.7ms)
Completed 200 OK in 127ms (Views: 126.8ms | ActiveRecord: 0.0ms)


Started GET "/" for 127.0.0.1 at 2018-12-04 14:17:59 -0800
Processing by StaticPagesController#root as HTML
  Rendering static_pages/root.html.erb within layouts/application
  Rendered static_pages/root.html.erb within layouts/application (0.5ms)
Completed 200 OK in 407ms (Views: 407.0ms | ActiveRecord: 0.0ms)


Started GET "/" for 127.0.0.1 at 2018-12-04 14:19:07 -0800
Processing by StaticPagesController#root as HTML
  Rendering static_pages/root.html.erb within layouts/application
  Rendered static_pages/root.html.erb within layouts/application (0.4ms)
Completed 200 OK in 955ms (Views: 954.7ms | ActiveRecord: 0.0ms)


Started GET "/" for 127.0.0.1 at 2018-12-04 14:20:35 -0800
Processing by StaticPagesController#root as HTML
  Rendering static_pages/root.html.erb within layouts/application
  Rendered static_pages/root.html.erb within layouts/application (0.5ms)
Completed 200 OK in 146ms (Views: 145.5ms | ActiveRecord: 0.0ms)


  [1m[36mTodo Load (2.8ms)[0m  [1m[34mSELECT "todos".* FROM "todos"[0m
Started GET "/" for 127.0.0.1 at 2018-12-04 14:21:06 -0800
Processing by StaticPagesController#root as HTML
  Rendering static_pages/root.html.erb within layouts/application
  Rendered static_pages/root.html.erb within layouts/application (0.5ms)
Completed 200 OK in 95ms (Views: 94.7ms | ActiveRecord: 0.0ms)


Started GET "/api/todos" for 127.0.0.1 at 2018-12-04 14:23:48 -0800
Processing by Api::TodosController#index as JSON
  [1m[36mTodo Load (0.7ms)[0m  [1m[34mSELECT "todos".* FROM "todos"[0m
  ↳ app/controllers/api/todos_controller.rb:8
Completed 200 OK in 4ms (Views: 2.1ms | ActiveRecord: 0.7ms)


Started GET "/" for 127.0.0.1 at 2018-12-04 14:34:17 -0800
Processing by StaticPagesController#root as HTML
  Rendering static_pages/root.html.erb within layouts/application
  Rendered static_pages/root.html.erb within layouts/application (0.6ms)
Completed 200 OK in 638ms (Views: 637.8ms | ActiveRecord: 0.0ms)


Started GET "/" for 127.0.0.1 at 2018-12-04 14:34:33 -0800
Processing by StaticPagesController#root as HTML
  Rendering static_pages/root.html.erb within layouts/application
  Rendered static_pages/root.html.erb within layouts/application (0.4ms)
Completed 200 OK in 729ms (Views: 729.1ms | ActiveRecord: 0.0ms)


Started GET "/" for 127.0.0.1 at 2018-12-04 14:41:09 -0800
Processing by StaticPagesController#root as HTML
  Rendering static_pages/root.html.erb within layouts/application
  Rendered static_pages/root.html.erb within layouts/application (0.5ms)
Completed 200 OK in 589ms (Views: 588.7ms | ActiveRecord: 0.0ms)


Started GET "/" for 127.0.0.1 at 2018-12-04 14:43:01 -0800
Processing by StaticPagesController#root as HTML
  Rendering static_pages/root.html.erb within layouts/application
  Rendered static_pages/root.html.erb within layouts/application (0.6ms)
Completed 200 OK in 510ms (Views: 509.9ms | ActiveRecord: 0.0ms)


Started GET "/" for 127.0.0.1 at 2018-12-04 14:44:13 -0800
Processing by StaticPagesController#root as HTML
  Rendering static_pages/root.html.erb within layouts/application
  Rendered static_pages/root.html.erb within layouts/application (0.4ms)
Completed 200 OK in 187ms (Views: 186.3ms | ActiveRecord: 0.0ms)


Started GET "/" for 127.0.0.1 at 2018-12-04 14:50:32 -0800
Processing by StaticPagesController#root as HTML
  Rendering static_pages/root.html.erb within layouts/application
  Rendered static_pages/root.html.erb within layouts/application (0.3ms)
Completed 200 OK in 507ms (Views: 506.7ms | ActiveRecord: 0.0ms)


Started GET "/" for 127.0.0.1 at 2018-12-04 14:50:50 -0800
Processing by StaticPagesController#root as HTML
  Rendering static_pages/root.html.erb within layouts/application
  Rendered static_pages/root.html.erb within layouts/application (0.4ms)
Completed 200 OK in 69ms (Views: 69.0ms | ActiveRecord: 0.0ms)


Started GET "/" for 127.0.0.1 at 2018-12-04 15:06:12 -0800
Processing by StaticPagesController#root as HTML
  Rendering static_pages/root.html.erb within layouts/application
  Rendered static_pages/root.html.erb within layouts/application (0.4ms)
Completed 200 OK in 548ms (Views: 547.6ms | ActiveRecord: 0.0ms)


Started GET "/" for 127.0.0.1 at 2018-12-04 15:06:42 -0800
Processing by StaticPagesController#root as HTML
  Rendering static_pages/root.html.erb within layouts/application
  Rendered static_pages/root.html.erb within layouts/application (0.5ms)
Completed 200 OK in 82ms (Views: 82.0ms | ActiveRecord: 0.0ms)


Started GET "/" for 127.0.0.1 at 2018-12-04 15:07:54 -0800
Processing by StaticPagesController#root as HTML
  Rendering static_pages/root.html.erb within layouts/application
  Rendered static_pages/root.html.erb within layouts/application (0.5ms)
Completed 200 OK in 49ms (Views: 49.1ms | ActiveRecord: 0.0ms)


Started GET "/api/todos" for 127.0.0.1 at 2018-12-04 15:07:57 -0800
Processing by Api::TodosController#index as JSON
  [1m[36mTodo Load (1.2ms)[0m  [1m[34mSELECT "todos".* FROM "todos"[0m
  ↳ app/controllers/api/todos_controller.rb:8
Completed 200 OK in 11ms (Views: 2.9ms | ActiveRecord: 7.5ms)


Started GET "/" for 127.0.0.1 at 2018-12-04 15:13:35 -0800
Processing by StaticPagesController#root as HTML
  Rendering static_pages/root.html.erb within layouts/application
  Rendered static_pages/root.html.erb within layouts/application (0.4ms)
Completed 200 OK in 668ms (Views: 667.7ms | ActiveRecord: 0.0ms)


Started GET "/" for 127.0.0.1 at 2018-12-04 15:13:52 -0800
Processing by StaticPagesController#root as HTML
  Rendering static_pages/root.html.erb within layouts/application
  Rendered static_pages/root.html.erb within layouts/application (0.4ms)
Completed 200 OK in 415ms (Views: 414.8ms | ActiveRecord: 0.0ms)


Started GET "/api/todos" for 127.0.0.1 at 2018-12-04 15:13:53 -0800
Processing by Api::TodosController#index as JSON
  [1m[36mTodo Load (2.5ms)[0m  [1m[34mSELECT "todos".* FROM "todos"[0m
  ↳ app/controllers/api/todos_controller.rb:8
Completed 200 OK in 16ms (Views: 2.8ms | ActiveRecord: 12.6ms)


Started GET "/" for 127.0.0.1 at 2018-12-04 15:14:07 -0800
Processing by StaticPagesController#root as HTML
  Rendering static_pages/root.html.erb within layouts/application
  Rendered static_pages/root.html.erb within layouts/application (0.6ms)
Completed 200 OK in 29ms (Views: 28.2ms | ActiveRecord: 0.0ms)


Started GET "/api/todos" for 127.0.0.1 at 2018-12-04 15:14:07 -0800
Processing by Api::TodosController#index as JSON
  [1m[36mTodo Load (1.2ms)[0m  [1m[34mSELECT "todos".* FROM "todos"[0m
  ↳ app/controllers/api/todos_controller.rb:8
Completed 200 OK in 3ms (Views: 1.7ms | ActiveRecord: 1.2ms)


Started GET "/" for 127.0.0.1 at 2018-12-04 15:23:27 -0800
Processing by StaticPagesController#root as HTML
  Rendering static_pages/root.html.erb within layouts/application
  Rendered static_pages/root.html.erb within layouts/application (0.4ms)
Completed 200 OK in 489ms (Views: 488.6ms | ActiveRecord: 0.0ms)


Started GET "/api/todos" for 127.0.0.1 at 2018-12-04 15:23:28 -0800
Processing by Api::TodosController#index as JSON
  [1m[36mTodo Load (1.5ms)[0m  [1m[34mSELECT "todos".* FROM "todos"[0m
  ↳ app/controllers/api/todos_controller.rb:8
Completed 200 OK in 13ms (Views: 3.2ms | ActiveRecord: 9.6ms)


Started GET "/" for 127.0.0.1 at 2018-12-04 15:26:14 -0800
Processing by StaticPagesController#root as HTML
  Rendering static_pages/root.html.erb within layouts/application
  Rendered static_pages/root.html.erb within layouts/application (0.5ms)
Completed 200 OK in 370ms (Views: 369.1ms | ActiveRecord: 0.0ms)


Started GET "/" for 127.0.0.1 at 2018-12-04 15:26:58 -0800
Processing by StaticPagesController#root as HTML
  Rendering static_pages/root.html.erb within layouts/application
  Rendered static_pages/root.html.erb within layouts/application (0.4ms)
Completed 200 OK in 479ms (Views: 479.2ms | ActiveRecord: 0.0ms)


Started GET "/api/todos" for 127.0.0.1 at 2018-12-04 15:26:59 -0800
Processing by Api::TodosController#index as JSON
  [1m[36mTodo Load (0.7ms)[0m  [1m[34mSELECT "todos".* FROM "todos"[0m
  ↳ app/controllers/api/todos_controller.rb:8
Completed 200 OK in 4ms (Views: 3.0ms | ActiveRecord: 0.7ms)


Started GET "/api/todos" for 127.0.0.1 at 2018-12-04 15:26:59 -0800
Processing by Api::TodosController#index as JSON
  [1m[36mTodo Load (0.6ms)[0m  [1m[34mSELECT "todos".* FROM "todos"[0m
  ↳ app/controllers/api/todos_controller.rb:8
Completed 200 OK in 3ms (Views: 1.6ms | ActiveRecord: 0.6ms)


Started GET "/" for 127.0.0.1 at 2018-12-04 15:27:24 -0800
Processing by StaticPagesController#root as HTML
  Rendering static_pages/root.html.erb within layouts/application
  Rendered static_pages/root.html.erb within layouts/application (0.6ms)
Completed 200 OK in 128ms (Views: 128.2ms | ActiveRecord: 0.0ms)


Started GET "/api/todos" for 127.0.0.1 at 2018-12-04 15:27:24 -0800
Processing by Api::TodosController#index as JSON
  [1m[36mTodo Load (1.6ms)[0m  [1m[34mSELECT "todos".* FROM "todos"[0m
  ↳ app/controllers/api/todos_controller.rb:8
Completed 200 OK in 4ms (Views: 2.0ms | ActiveRecord: 1.6ms)


Started GET "/" for 127.0.0.1 at 2018-12-04 15:29:02 -0800
Processing by StaticPagesController#root as HTML
  Rendering static_pages/root.html.erb within layouts/application
  Rendered static_pages/root.html.erb within layouts/application (0.5ms)
Completed 200 OK in 472ms (Views: 471.5ms | ActiveRecord: 0.0ms)


Started GET "/api/todos" for 127.0.0.1 at 2018-12-04 15:29:03 -0800
Processing by Api::TodosController#index as JSON
  [1m[36mTodo Load (16.1ms)[0m  [1m[34mSELECT "todos".* FROM "todos"[0m
  ↳ app/controllers/api/todos_controller.rb:8
Completed 200 OK in 23ms (Views: 6.8ms | ActiveRecord: 16.1ms)


Started GET "/" for 127.0.0.1 at 2018-12-04 15:29:25 -0800
Processing by StaticPagesController#root as HTML
  Rendering static_pages/root.html.erb within layouts/application
  Rendered static_pages/root.html.erb within layouts/application (0.6ms)
Completed 200 OK in 36ms (Views: 35.3ms | ActiveRecord: 0.0ms)


Started GET "/api/todos" for 127.0.0.1 at 2018-12-04 15:29:25 -0800
Processing by Api::TodosController#index as JSON
  [1m[36mTodo Load (0.6ms)[0m  [1m[34mSELECT "todos".* FROM "todos"[0m
  ↳ app/controllers/api/todos_controller.rb:8
Completed 200 OK in 3ms (Views: 1.8ms | ActiveRecord: 0.6ms)


Started GET "/" for 127.0.0.1 at 2018-12-04 15:30:55 -0800
Processing by StaticPagesController#root as HTML
  Rendering static_pages/root.html.erb within layouts/application
  Rendered static_pages/root.html.erb within layouts/application (0.5ms)
Completed 200 OK in 401ms (Views: 400.9ms | ActiveRecord: 0.0ms)


Started GET "/" for 127.0.0.1 at 2018-12-04 15:31:07 -0800
Processing by StaticPagesController#root as HTML
  Rendering static_pages/root.html.erb within layouts/application
  Rendered static_pages/root.html.erb within layouts/application (1.0ms)
Completed 200 OK in 437ms (Views: 437.1ms | ActiveRecord: 0.0ms)


Started GET "/api/todos" for 127.0.0.1 at 2018-12-04 15:31:08 -0800
Processing by Api::TodosController#index as JSON
  [1m[36mTodo Load (0.5ms)[0m  [1m[34mSELECT "todos".* FROM "todos"[0m
  ↳ app/controllers/api/todos_controller.rb:8
Completed 200 OK in 3ms (Views: 1.8ms | ActiveRecord: 0.5ms)


Started POST "/api/todos" for 127.0.0.1 at 2018-12-04 15:31:12 -0800
Processing by Api::TodosController#create as JSON
  Parameters: {"id"=>"1543966268386", "body"=>"dsfadsf", "title"=>"fadfa", "done"=>"false"}
Completed 400 Bad Request in 1ms (ActiveRecord: 0.0ms)



ActionController::ParameterMissing - param is missing or the value is empty: todo:
  app/controllers/api/todos_controller.rb:36:in `todo_params'
  app/controllers/api/todos_controller.rb:12:in `create'

Started GET "/" for 127.0.0.1 at 2018-12-04 15:33:05 -0800
Processing by StaticPagesController#root as HTML
  Rendering static_pages/root.html.erb within layouts/application
  Rendered static_pages/root.html.erb within layouts/application (0.9ms)
Completed 200 OK in 417ms (Views: 416.4ms | ActiveRecord: 0.0ms)


Started GET "/" for 127.0.0.1 at 2018-12-04 15:33:32 -0800
Processing by StaticPagesController#root as HTML
  Rendering static_pages/root.html.erb within layouts/application
  Rendered static_pages/root.html.erb within layouts/application (0.5ms)
Completed 200 OK in 445ms (Views: 444.3ms | ActiveRecord: 0.0ms)


Started GET "/api/todos" for 127.0.0.1 at 2018-12-04 15:33:32 -0800
Processing by Api::TodosController#index as JSON
  [1m[36mTodo Load (6.6ms)[0m  [1m[34mSELECT "todos".* FROM "todos"[0m
  ↳ app/controllers/api/todos_controller.rb:8
Completed 200 OK in 12ms (Views: 5.3ms | ActiveRecord: 6.6ms)


Started POST "/api/todos" for 127.0.0.1 at 2018-12-04 15:33:40 -0800
Processing by Api::TodosController#create as JSON
  Parameters: {"todo"=>{"id"=>"1543966412879", "body"=>"fdafa", "title"=>"fdafa", "done"=>"false"}}
Unpermitted parameter: :id
  [1m[35m (0.2ms)[0m  [1m[35mBEGIN[0m
  ↳ app/controllers/api/todos_controller.rb:13
  [1m[36mTodo Create (40.0ms)[0m  [1m[32mINSERT INTO "todos" ("title", "body") VALUES ($1, $2) RETURNING "id"[0m  [["title", "fdafa"], ["body", "fdafa"]]
  ↳ app/controllers/api/todos_controller.rb:13
  [1m[35m (21.8ms)[0m  [1m[35mCOMMIT[0m
  ↳ app/controllers/api/todos_controller.rb:13
Completed 200 OK in 69ms (Views: 0.6ms | ActiveRecord: 62.0ms)


Started GET "/" for 127.0.0.1 at 2018-12-04 15:34:58 -0800
Processing by StaticPagesController#root as HTML
  Rendering static_pages/root.html.erb within layouts/application
  Rendered static_pages/root.html.erb within layouts/application (1.3ms)
Completed 200 OK in 182ms (Views: 181.4ms | ActiveRecord: 0.0ms)


Started GET "/api/todos" for 127.0.0.1 at 2018-12-04 15:34:59 -0800
Processing by Api::TodosController#index as JSON
  [1m[36mTodo Load (1.0ms)[0m  [1m[34mSELECT "todos".* FROM "todos"[0m
  ↳ app/controllers/api/todos_controller.rb:8
Completed 200 OK in 4ms (Views: 2.2ms | ActiveRecord: 1.0ms)


  [1m[35m (1.4ms)[0m  [1m[35mBEGIN[0m
  [1m[36mTodo Create (1.1ms)[0m  [1m[32mINSERT INTO "todos" ("title", "body") VALUES ($1, $2) RETURNING "id"[0m  [["title", "MMake it work"], ["body", "Almost there"]]
  [1m[35m (0.6ms)[0m  [1m[35mCOMMIT[0m
Started GET "/" for 127.0.0.1 at 2018-12-04 15:35:56 -0800
Processing by StaticPagesController#root as HTML
  Rendering static_pages/root.html.erb within layouts/application
  Rendered static_pages/root.html.erb within layouts/application (0.4ms)
Completed 200 OK in 74ms (Views: 73.4ms | ActiveRecord: 0.0ms)


Started GET "/api/todos" for 127.0.0.1 at 2018-12-04 15:35:56 -0800
Processing by Api::TodosController#index as JSON
  [1m[36mTodo Load (5.3ms)[0m  [1m[34mSELECT "todos".* FROM "todos"[0m
  ↳ app/controllers/api/todos_controller.rb:8
Completed 200 OK in 8ms (Views: 2.8ms | ActiveRecord: 5.3ms)


  [1m[36mTodo Load (0.8ms)[0m  [1m[34mSELECT  "todos".* FROM "todos" ORDER BY "todos"."id" DESC LIMIT $1[0m  [["LIMIT", 1]]
  [1m[36mTodo Load (0.5ms)[0m  [1m[34mSELECT  "todos".* FROM "todos" ORDER BY "todos"."id" DESC LIMIT $1[0m  [["LIMIT", 1]]
  [1m[35m (0.1ms)[0m  [1m[35mBEGIN[0m
  [1m[36mTodo Destroy (13.1ms)[0m  [1m[31mDELETE FROM "todos" WHERE "todos"."id" = $1[0m  [["id", 4]]
  [1m[35m (0.5ms)[0m  [1m[35mCOMMIT[0m
Started GET "/" for 127.0.0.1 at 2018-12-04 15:36:32 -0800
Processing by StaticPagesController#root as HTML
  Rendering static_pages/root.html.erb within layouts/application
  Rendered static_pages/root.html.erb within layouts/application (1.3ms)
Completed 200 OK in 31ms (Views: 30.3ms | ActiveRecord: 0.0ms)


Started GET "/api/todos" for 127.0.0.1 at 2018-12-04 15:36:32 -0800
Processing by Api::TodosController#index as JSON
  [1m[36mTodo Load (0.6ms)[0m  [1m[34mSELECT "todos".* FROM "todos"[0m
  ↳ app/controllers/api/todos_controller.rb:8
Completed 200 OK in 4ms (Views: 2.6ms | ActiveRecord: 0.6ms)


Started POST "/api/todos" for 127.0.0.1 at 2018-12-04 15:37:51 -0800
Processing by Api::TodosController#create as JSON
  Parameters: {"todo"=>{"id"=>"1543966592270", "body"=>"efeafd", "title"=>"dfadfasd", "done"=>"false"}}
Unpermitted parameter: :id
  [1m[35m (0.7ms)[0m  [1m[35mBEGIN[0m
  ↳ app/controllers/api/todos_controller.rb:13
  [1m[36mTodo Create (0.5ms)[0m  [1m[32mINSERT INTO "todos" ("title", "body") VALUES ($1, $2) RETURNING "id"[0m  [["title", "dfadfasd"], ["body", "efeafd"]]
  ↳ app/controllers/api/todos_controller.rb:13
  [1m[35m (12.6ms)[0m  [1m[35mCOMMIT[0m
  ↳ app/controllers/api/todos_controller.rb:13
Completed 200 OK in 19ms (Views: 0.3ms | ActiveRecord: 13.8ms)


Started GET "/" for 127.0.0.1 at 2018-12-04 15:37:53 -0800
Processing by StaticPagesController#root as HTML
  Rendering static_pages/root.html.erb within layouts/application
  Rendered static_pages/root.html.erb within layouts/application (0.9ms)
Completed 200 OK in 35ms (Views: 34.3ms | ActiveRecord: 0.0ms)


Started GET "/api/todos" for 127.0.0.1 at 2018-12-04 15:37:53 -0800
Processing by Api::TodosController#index as JSON
  [1m[36mTodo Load (1.8ms)[0m  [1m[34mSELECT "todos".* FROM "todos"[0m
  ↳ app/controllers/api/todos_controller.rb:8
Completed 200 OK in 5ms (Views: 2.6ms | ActiveRecord: 1.8ms)


Started GET "/" for 127.0.0.1 at 2018-12-04 15:37:53 -0800
Processing by StaticPagesController#root as HTML
  Rendering static_pages/root.html.erb within layouts/application
  Rendered static_pages/root.html.erb within layouts/application (0.6ms)
Completed 200 OK in 45ms (Views: 43.9ms | ActiveRecord: 0.0ms)


Started GET "/api/todos" for 127.0.0.1 at 2018-12-04 15:37:54 -0800
Processing by Api::TodosController#index as JSON
  [1m[36mTodo Load (0.6ms)[0m  [1m[34mSELECT "todos".* FROM "todos"[0m
  ↳ app/controllers/api/todos_controller.rb:8
Completed 200 OK in 3ms (Views: 1.9ms | ActiveRecord: 0.6ms)


Started GET "/" for 127.0.0.1 at 2018-12-04 15:38:06 -0800
Processing by StaticPagesController#root as HTML
  Rendering static_pages/root.html.erb within layouts/application
  Rendered static_pages/root.html.erb within layouts/application (0.4ms)
Completed 200 OK in 23ms (Views: 23.1ms | ActiveRecord: 0.0ms)


Started GET "/api/todos" for 127.0.0.1 at 2018-12-04 15:38:07 -0800
Processing by Api::TodosController#index as JSON
  [1m[36mTodo Load (0.7ms)[0m  [1m[34mSELECT "todos".* FROM "todos"[0m
  ↳ app/controllers/api/todos_controller.rb:8
Completed 200 OK in 3ms (Views: 2.3ms | ActiveRecord: 0.7ms)


Started GET "/" for 127.0.0.1 at 2018-12-04 16:13:17 -0800
Processing by StaticPagesController#root as HTML
  Rendering static_pages/root.html.erb within layouts/application
  Rendered static_pages/root.html.erb within layouts/application (0.7ms)
Completed 200 OK in 238ms (Views: 237.7ms | ActiveRecord: 0.0ms)


Started GET "/api/todos" for 127.0.0.1 at 2018-12-04 16:13:18 -0800
Processing by Api::TodosController#index as JSON
  [1m[36mTodo Load (2.4ms)[0m  [1m[34mSELECT "todos".* FROM "todos"[0m
  ↳ app/controllers/api/todos_controller.rb:8
Completed 200 OK in 44ms (Views: 18.4ms | ActiveRecord: 25.6ms)


Started POST "/api/todos" for 127.0.0.1 at 2018-12-04 16:13:19 -0800
Processing by Api::TodosController#create as JSON
  Parameters: {"todo"=>{"id"=>"1543968798124", "body"=>"", "title"=>"", "done"=>"false"}}
Unpermitted parameter: :id
  [1m[35m (0.3ms)[0m  [1m[35mBEGIN[0m
  ↳ app/controllers/api/todos_controller.rb:13
  [1m[35m (0.2ms)[0m  [1m[31mROLLBACK[0m
  ↳ app/controllers/api/todos_controller.rb:13
Completed 422 Unprocessable Entity in 158ms (Views: 0.2ms | ActiveRecord: 0.5ms)


Started GET "/" for 127.0.0.1 at 2018-12-04 16:13:56 -0800
Processing by StaticPagesController#root as HTML
  Rendering static_pages/root.html.erb within layouts/application
  Rendered static_pages/root.html.erb within layouts/application (0.6ms)
Completed 200 OK in 570ms (Views: 570.1ms | ActiveRecord: 0.0ms)


Started GET "/api/todos" for 127.0.0.1 at 2018-12-04 16:13:57 -0800
Processing by Api::TodosController#index as JSON
  [1m[36mTodo Load (0.9ms)[0m  [1m[34mSELECT "todos".* FROM "todos"[0m
  ↳ app/controllers/api/todos_controller.rb:8
Completed 200 OK in 4ms (Views: 2.4ms | ActiveRecord: 0.9ms)


Started POST "/api/todos" for 127.0.0.1 at 2018-12-04 16:13:59 -0800
Processing by Api::TodosController#create as JSON
  Parameters: {"todo"=>{"id"=>"1543968837183", "body"=>"", "title"=>"", "done"=>"false"}}
Unpermitted parameter: :id
  [1m[35m (0.2ms)[0m  [1m[35mBEGIN[0m
  ↳ app/controllers/api/todos_controller.rb:13
  [1m[35m (0.2ms)[0m  [1m[31mROLLBACK[0m
  ↳ app/controllers/api/todos_controller.rb:13
Completed 422 Unprocessable Entity in 6ms (Views: 0.2ms | ActiveRecord: 0.4ms)


Started GET "/" for 127.0.0.1 at 2018-12-04 16:17:01 -0800
Processing by StaticPagesController#root as HTML
  Rendering static_pages/root.html.erb within layouts/application
  Rendered static_pages/root.html.erb within layouts/application (0.4ms)
Completed 200 OK in 585ms (Views: 585.0ms | ActiveRecord: 0.0ms)


Started GET "/api/todos" for 127.0.0.1 at 2018-12-04 16:17:02 -0800
Processing by Api::TodosController#index as JSON
  [1m[36mTodo Load (0.6ms)[0m  [1m[34mSELECT "todos".* FROM "todos"[0m
  ↳ app/controllers/api/todos_controller.rb:8
Completed 200 OK in 3ms (Views: 2.3ms | ActiveRecord: 0.6ms)


Started POST "/api/todos" for 127.0.0.1 at 2018-12-04 16:17:04 -0800
Processing by Api::TodosController#create as JSON
  Parameters: {"todo"=>{"id"=>"1543969022815", "body"=>"", "title"=>"", "done"=>"false"}}
Unpermitted parameter: :id
  [1m[35m (0.2ms)[0m  [1m[35mBEGIN[0m
  ↳ app/controllers/api/todos_controller.rb:13
  [1m[35m (0.3ms)[0m  [1m[31mROLLBACK[0m
  ↳ app/controllers/api/todos_controller.rb:13
Completed 422 Unprocessable Entity in 6ms (Views: 0.2ms | ActiveRecord: 0.5ms)


Started GET "/" for 127.0.0.1 at 2018-12-04 16:18:19 -0800
Processing by StaticPagesController#root as HTML
  Rendering static_pages/root.html.erb within layouts/application
  Rendered static_pages/root.html.erb within layouts/application (4.6ms)
Completed 200 OK in 60ms (Views: 59.3ms | ActiveRecord: 0.0ms)


Started GET "/api/todos" for 127.0.0.1 at 2018-12-04 16:18:19 -0800
Processing by Api::TodosController#index as JSON
  [1m[36mTodo Load (0.6ms)[0m  [1m[34mSELECT "todos".* FROM "todos"[0m
  ↳ app/controllers/api/todos_controller.rb:8
Completed 200 OK in 3ms (Views: 1.6ms | ActiveRecord: 0.6ms)


Started POST "/api/todos" for 127.0.0.1 at 2018-12-04 16:18:21 -0800
Processing by Api::TodosController#create as JSON
  Parameters: {"todo"=>{"id"=>"1543969099548", "body"=>"", "title"=>"", "done"=>"false"}}
Unpermitted parameter: :id
  [1m[35m (0.2ms)[0m  [1m[35mBEGIN[0m
  ↳ app/controllers/api/todos_controller.rb:13
  [1m[35m (0.2ms)[0m  [1m[31mROLLBACK[0m
  ↳ app/controllers/api/todos_controller.rb:13
Completed 422 Unprocessable Entity in 6ms (Views: 0.2ms | ActiveRecord: 0.4ms)


Started GET "/" for 127.0.0.1 at 2018-12-04 16:19:47 -0800
Processing by StaticPagesController#root as HTML
  Rendering static_pages/root.html.erb within layouts/application
  Rendered static_pages/root.html.erb within layouts/application (0.5ms)
Completed 200 OK in 247ms (Views: 246.6ms | ActiveRecord: 0.0ms)


Started GET "/api/todos" for 127.0.0.1 at 2018-12-04 16:19:48 -0800
Processing by Api::TodosController#index as JSON
  [1m[36mTodo Load (0.9ms)[0m  [1m[34mSELECT "todos".* FROM "todos"[0m
  ↳ app/controllers/api/todos_controller.rb:8
Completed 200 OK in 76ms (Views: 14.6ms | ActiveRecord: 14.0ms)


Started POST "/api/todos" for 127.0.0.1 at 2018-12-04 16:19:50 -0800
Processing by Api::TodosController#create as JSON
  Parameters: {"todo"=>{"id"=>"1543969187994", "body"=>"", "title"=>"", "done"=>"false"}}
Unpermitted parameter: :id
  [1m[35m (0.2ms)[0m  [1m[35mBEGIN[0m
  ↳ app/controllers/api/todos_controller.rb:13
  [1m[35m (0.3ms)[0m  [1m[31mROLLBACK[0m
  ↳ app/controllers/api/todos_controller.rb:13
Completed 200 OK in 5ms (Views: 0.2ms | ActiveRecord: 0.5ms)


Started GET "/" for 127.0.0.1 at 2018-12-04 16:20:08 -0800
Processing by StaticPagesController#root as HTML
  Rendering static_pages/root.html.erb within layouts/application
  Rendered static_pages/root.html.erb within layouts/application (0.4ms)
Completed 200 OK in 27ms (Views: 27.2ms | ActiveRecord: 0.0ms)


Started GET "/api/todos" for 127.0.0.1 at 2018-12-04 16:20:08 -0800
Processing by Api::TodosController#index as JSON
  [1m[36mTodo Load (0.6ms)[0m  [1m[34mSELECT "todos".* FROM "todos"[0m
  ↳ app/controllers/api/todos_controller.rb:8
Completed 200 OK in 33ms (Views: 17.8ms | ActiveRecord: 10.6ms)


Started GET "/" for 127.0.0.1 at 2018-12-04 16:21:46 -0800
Processing by StaticPagesController#root as HTML
  Rendering static_pages/root.html.erb within layouts/application
  Rendered static_pages/root.html.erb within layouts/application (0.6ms)
Completed 200 OK in 32ms (Views: 31.3ms | ActiveRecord: 0.0ms)


Started GET "/api/todos" for 127.0.0.1 at 2018-12-04 16:21:46 -0800
Processing by Api::TodosController#index as JSON
  [1m[36mTodo Load (0.6ms)[0m  [1m[34mSELECT "todos".* FROM "todos"[0m
  ↳ app/controllers/api/todos_controller.rb:8
Completed 200 OK in 3ms (Views: 2.2ms | ActiveRecord: 0.6ms)


Started POST "/api/todos" for 127.0.0.1 at 2018-12-04 16:21:48 -0800
Processing by Api::TodosController#create as JSON
  Parameters: {"todo"=>{"id"=>"1543969306321", "body"=>"", "title"=>"", "done"=>"false"}}
Unpermitted parameter: :id
  [1m[35m (0.3ms)[0m  [1m[35mBEGIN[0m
  ↳ app/controllers/api/todos_controller.rb:13
  [1m[35m (0.2ms)[0m  [1m[31mROLLBACK[0m
  ↳ app/controllers/api/todos_controller.rb:13
Completed 422 Unprocessable Entity in 7ms (Views: 0.2ms | ActiveRecord: 0.6ms)


Started POST "/api/todos" for 127.0.0.1 at 2018-12-04 16:21:50 -0800
Processing by Api::TodosController#create as JSON
  Parameters: {"todo"=>{"id"=>"1543969306321", "body"=>"", "title"=>"fdafads", "done"=>"false"}}
Unpermitted parameter: :id
  [1m[35m (0.2ms)[0m  [1m[35mBEGIN[0m
  ↳ app/controllers/api/todos_controller.rb:13
  [1m[35m (0.2ms)[0m  [1m[31mROLLBACK[0m
  ↳ app/controllers/api/todos_controller.rb:13
Completed 422 Unprocessable Entity in 4ms (Views: 0.2ms | ActiveRecord: 0.4ms)


Started POST "/api/todos" for 127.0.0.1 at 2018-12-04 16:21:56 -0800
Processing by Api::TodosController#create as JSON
  Parameters: {"todo"=>{"id"=>"1543969306321", "body"=>"fdfa", "title"=>"fdafads", "done"=>"false"}}
Unpermitted parameter: :id
  [1m[35m (0.2ms)[0m  [1m[35mBEGIN[0m
  ↳ app/controllers/api/todos_controller.rb:13
  [1m[36mTodo Create (43.5ms)[0m  [1m[32mINSERT INTO "todos" ("title", "body") VALUES ($1, $2) RETURNING "id"[0m  [["title", "fdafads"], ["body", "fdfa"]]
  ↳ app/controllers/api/todos_controller.rb:13
  [1m[35m (21.6ms)[0m  [1m[35mCOMMIT[0m
  ↳ app/controllers/api/todos_controller.rb:13
Completed 200 OK in 71ms (Views: 0.5ms | ActiveRecord: 65.3ms)


Started GET "/" for 127.0.0.1 at 2018-12-04 16:22:34 -0800
Processing by StaticPagesController#root as HTML
  Rendering static_pages/root.html.erb within layouts/application
  Rendered static_pages/root.html.erb within layouts/application (0.4ms)
Completed 200 OK in 90ms (Views: 89.4ms | ActiveRecord: 0.0ms)


Started GET "/api/todos" for 127.0.0.1 at 2018-12-04 16:22:34 -0800
Processing by Api::TodosController#index as JSON
  [1m[36mTodo Load (0.5ms)[0m  [1m[34mSELECT "todos".* FROM "todos"[0m
  ↳ app/controllers/api/todos_controller.rb:8
Completed 200 OK in 50ms (Views: 9.3ms | ActiveRecord: 8.6ms)


Started POST "/api/todos" for 127.0.0.1 at 2018-12-04 16:22:36 -0800
Processing by Api::TodosController#create as JSON
  Parameters: {"todo"=>{"id"=>"1543969354673", "body"=>"", "title"=>"fdafda", "done"=>"false"}}
Unpermitted parameter: :id
  [1m[35m (0.3ms)[0m  [1m[35mBEGIN[0m
  ↳ app/controllers/api/todos_controller.rb:13
  [1m[35m (0.3ms)[0m  [1m[31mROLLBACK[0m
  ↳ app/controllers/api/todos_controller.rb:13
Completed 422 Unprocessable Entity in 34905ms (Views: 0.3ms | ActiveRecord: 0.6ms)


Started POST "/api/todos" for 127.0.0.1 at 2018-12-04 16:23:11 -0800
Processing by Api::TodosController#create as JSON
  Parameters: {"todo"=>{"id"=>"1543969354673", "body"=>"", "title"=>"fdafda", "done"=>"false"}}
Unpermitted parameter: :id
  [1m[35m (3.0ms)[0m  [1m[35mBEGIN[0m
  ↳ app/controllers/api/todos_controller.rb:13
  [1m[35m (0.8ms)[0m  [1m[31mROLLBACK[0m
  ↳ app/controllers/api/todos_controller.rb:13
Completed 422 Unprocessable Entity in 1578ms (Views: 0.4ms | ActiveRecord: 3.8ms)


Started GET "/" for 127.0.0.1 at 2018-12-04 16:23:17 -0800
Processing by StaticPagesController#root as HTML
  Rendering static_pages/root.html.erb within layouts/application
  Rendered static_pages/root.html.erb within layouts/application (0.6ms)
Completed 200 OK in 108ms (Views: 107.3ms | ActiveRecord: 0.0ms)


Started GET "/api/todos" for 127.0.0.1 at 2018-12-04 16:23:17 -0800
Processing by Api::TodosController#index as JSON
  [1m[36mTodo Load (0.8ms)[0m  [1m[34mSELECT "todos".* FROM "todos"[0m
  ↳ app/controllers/api/todos_controller.rb:8
Completed 200 OK in 8ms (Views: 7.1ms | ActiveRecord: 0.8ms)


Started POST "/api/todos" for 127.0.0.1 at 2018-12-04 16:23:21 -0800
Processing by Api::TodosController#create as JSON
  Parameters: {"todo"=>{"id"=>"1543969397947", "body"=>"", "title"=>"", "done"=>"false"}}
Unpermitted parameter: :id
  [1m[35m (0.8ms)[0m  [1m[35mBEGIN[0m
  ↳ app/controllers/api/todos_controller.rb:13
  [1m[35m (1.8ms)[0m  [1m[31mROLLBACK[0m
  ↳ app/controllers/api/todos_controller.rb:13
Completed 422 Unprocessable Entity in 30877ms (Views: 0.5ms | ActiveRecord: 2.6ms)


Started GET "/" for 127.0.0.1 at 2018-12-04 16:23:54 -0800
Processing by StaticPagesController#root as HTML
  Rendering static_pages/root.html.erb within layouts/application
  Rendered static_pages/root.html.erb within layouts/application (0.6ms)
Completed 200 OK in 203ms (Views: 202.7ms | ActiveRecord: 0.0ms)


Started GET "/api/todos" for 127.0.0.1 at 2018-12-04 16:23:55 -0800
Processing by Api::TodosController#index as JSON
  [1m[36mTodo Load (0.6ms)[0m  [1m[34mSELECT "todos".* FROM "todos"[0m
  ↳ app/controllers/api/todos_controller.rb:8
Completed 200 OK in 61ms (Views: 19.9ms | ActiveRecord: 11.4ms)


Started POST "/api/todos" for 127.0.0.1 at 2018-12-04 16:23:58 -0800
Processing by Api::TodosController#create as JSON
  Parameters: {"todo"=>{"id"=>"1543969435031", "body"=>"", "title"=>"fda", "done"=>"false"}}
Unpermitted parameter: :id
  [1m[35m (1.4ms)[0m  [1m[35mBEGIN[0m
  ↳ app/controllers/api/todos_controller.rb:13
  [1m[35m (0.6ms)[0m  [1m[31mROLLBACK[0m
  ↳ app/controllers/api/todos_controller.rb:13
Completed 422 Unprocessable Entity in 16436ms (Views: 0.2ms | ActiveRecord: 2.0ms)


Started GET "/" for 127.0.0.1 at 2018-12-04 16:30:22 -0800
Processing by StaticPagesController#root as HTML
  Rendering static_pages/root.html.erb within layouts/application
  Rendered static_pages/root.html.erb within layouts/application (0.6ms)
Completed 200 OK in 129ms (Views: 128.4ms | ActiveRecord: 0.0ms)


Started GET "/api/todos" for 127.0.0.1 at 2018-12-04 16:30:22 -0800
Processing by Api::TodosController#index as JSON
  [1m[36mTodo Load (1.6ms)[0m  [1m[34mSELECT "todos".* FROM "todos"[0m
  ↳ app/controllers/api/todos_controller.rb:8
Completed 200 OK in 50ms (Views: 10.8ms | ActiveRecord: 14.6ms)


Started POST "/api/todos" for 127.0.0.1 at 2018-12-04 16:30:24 -0800
Processing by Api::TodosController#create as JSON
  Parameters: {"todo"=>{"id"=>"1543969822817", "body"=>"", "title"=>"", "done"=>"false"}}
Unpermitted parameter: :id
  [1m[35m (0.3ms)[0m  [1m[35mBEGIN[0m
  ↳ app/controllers/api/todos_controller.rb:13
  [1m[35m (0.2ms)[0m  [1m[31mROLLBACK[0m
  ↳ app/controllers/api/todos_controller.rb:13
Completed 422 Unprocessable Entity in 6ms (Views: 0.3ms | ActiveRecord: 0.5ms)


Started POST "/api/todos" for 127.0.0.1 at 2018-12-04 16:30:28 -0800
Processing by Api::TodosController#create as JSON
  Parameters: {"todo"=>{"id"=>"1543969822817", "body"=>"", "title"=>"fdafa", "done"=>"false"}}
Unpermitted parameter: :id
  [1m[35m (0.3ms)[0m  [1m[35mBEGIN[0m
  ↳ app/controllers/api/todos_controller.rb:13
  [1m[35m (0.2ms)[0m  [1m[31mROLLBACK[0m
  ↳ app/controllers/api/todos_controller.rb:13
Completed 422 Unprocessable Entity in 5ms (Views: 0.3ms | ActiveRecord: 0.4ms)


Started GET "/" for 127.0.0.1 at 2018-12-04 16:32:08 -0800
Processing by StaticPagesController#root as HTML
  Rendering static_pages/root.html.erb within layouts/application
  Rendered static_pages/root.html.erb within layouts/application (0.4ms)
Completed 200 OK in 616ms (Views: 615.3ms | ActiveRecord: 0.0ms)


Started GET "/api/todos" for 127.0.0.1 at 2018-12-04 16:32:09 -0800
Processing by Api::TodosController#index as JSON
  [1m[36mTodo Load (0.9ms)[0m  [1m[34mSELECT "todos".* FROM "todos"[0m
  ↳ app/controllers/api/todos_controller.rb:8
Completed 200 OK in 65ms (Views: 26.2ms | ActiveRecord: 14.2ms)


Started POST "/api/todos" for 127.0.0.1 at 2018-12-04 16:32:11 -0800
Processing by Api::TodosController#create as JSON
  Parameters: {"todo"=>{"body"=>"", "title"=>"dfadas", "done"=>"false"}}
  [1m[35m (0.2ms)[0m  [1m[35mBEGIN[0m
  ↳ app/controllers/api/todos_controller.rb:13
  [1m[35m (0.3ms)[0m  [1m[31mROLLBACK[0m
  ↳ app/controllers/api/todos_controller.rb:13
Completed 422 Unprocessable Entity in 6ms (Views: 0.2ms | ActiveRecord: 0.4ms)


Started GET "/" for 127.0.0.1 at 2018-12-04 16:33:06 -0800
Processing by StaticPagesController#root as HTML
  Rendering static_pages/root.html.erb within layouts/application
  Rendered static_pages/root.html.erb within layouts/application (0.4ms)
Completed 200 OK in 134ms (Views: 133.5ms | ActiveRecord: 0.0ms)


Started GET "/api/todos" for 127.0.0.1 at 2018-12-04 16:33:07 -0800
Processing by Api::TodosController#index as JSON
  [1m[36mTodo Load (0.5ms)[0m  [1m[34mSELECT "todos".* FROM "todos"[0m
  ↳ app/controllers/api/todos_controller.rb:8
Completed 200 OK in 50ms (Views: 48.6ms | ActiveRecord: 0.5ms)


Started POST "/api/todos" for 127.0.0.1 at 2018-12-04 16:33:08 -0800
Processing by Api::TodosController#create as JSON
  Parameters: {"todo"=>{"body"=>"", "title"=>"", "done"=>"false"}}
  [1m[35m (0.2ms)[0m  [1m[35mBEGIN[0m
  ↳ app/controllers/api/todos_controller.rb:13
  [1m[35m (0.2ms)[0m  [1m[31mROLLBACK[0m
  ↳ app/controllers/api/todos_controller.rb:13
Completed 422 Unprocessable Entity in 5ms (Views: 0.2ms | ActiveRecord: 0.4ms)


Started GET "/" for 127.0.0.1 at 2018-12-04 16:39:47 -0800
Processing by StaticPagesController#root as HTML
  Rendering static_pages/root.html.erb within layouts/application
  Rendered static_pages/root.html.erb within layouts/application (0.4ms)
Completed 200 OK in 614ms (Views: 613.9ms | ActiveRecord: 0.0ms)


Started GET "/" for 127.0.0.1 at 2018-12-04 16:41:44 -0800
Processing by StaticPagesController#root as HTML
  Rendering static_pages/root.html.erb within layouts/application
  Rendered static_pages/root.html.erb within layouts/application (0.4ms)
Completed 200 OK in 558ms (Views: 557.5ms | ActiveRecord: 0.0ms)


Started GET "/" for 127.0.0.1 at 2018-12-04 16:42:20 -0800
Processing by StaticPagesController#root as HTML
  Rendering static_pages/root.html.erb within layouts/application
  Rendered static_pages/root.html.erb within layouts/application (1.1ms)
Completed 200 OK in 613ms (Views: 612.6ms | ActiveRecord: 0.0ms)


Started GET "/api/todos" for 127.0.0.1 at 2018-12-04 16:42:21 -0800
Processing by Api::TodosController#index as JSON
  [1m[36mTodo Load (3.5ms)[0m  [1m[34mSELECT "todos".* FROM "todos"[0m
  ↳ app/controllers/api/todos_controller.rb:8
Completed 200 OK in 24ms (Views: 3.7ms | ActiveRecord: 20.0ms)


Started POST "/api/todos" for 127.0.0.1 at 2018-12-04 16:42:24 -0800
Processing by Api::TodosController#create as JSON
  Parameters: {"todo"=>{"body"=>"", "title"=>"", "done"=>"false"}}
  [1m[35m (0.3ms)[0m  [1m[35mBEGIN[0m
  ↳ app/controllers/api/todos_controller.rb:13
  [1m[35m (0.2ms)[0m  [1m[31mROLLBACK[0m
  ↳ app/controllers/api/todos_controller.rb:13
Completed 422 Unprocessable Entity in 5ms (Views: 0.2ms | ActiveRecord: 0.5ms)


Started GET "/" for 127.0.0.1 at 2018-12-04 16:45:23 -0800
Processing by StaticPagesController#root as HTML
  Rendering static_pages/root.html.erb within layouts/application
  Rendered static_pages/root.html.erb within layouts/application (0.6ms)
Completed 200 OK in 524ms (Views: 523.8ms | ActiveRecord: 0.0ms)


Started GET "/api/todos" for 127.0.0.1 at 2018-12-04 16:45:23 -0800
Processing by Api::TodosController#index as JSON
  [1m[36mTodo Load (0.6ms)[0m  [1m[34mSELECT "todos".* FROM "todos"[0m
  ↳ app/controllers/api/todos_controller.rb:8
Completed 200 OK in 4ms (Views: 2.9ms | ActiveRecord: 0.6ms)


Started POST "/api/todos" for 127.0.0.1 at 2018-12-04 16:45:25 -0800
Processing by Api::TodosController#create as JSON
  Parameters: {"todo"=>{"body"=>"", "title"=>"", "done"=>"false"}}
  [1m[35m (0.2ms)[0m  [1m[35mBEGIN[0m
  ↳ app/controllers/api/todos_controller.rb:13
  [1m[35m (0.2ms)[0m  [1m[31mROLLBACK[0m
  ↳ app/controllers/api/todos_controller.rb:13
Completed 422 Unprocessable Entity in 9ms (Views: 0.2ms | ActiveRecord: 0.4ms)


Started GET "/" for 127.0.0.1 at 2018-12-04 16:54:48 -0800
Processing by StaticPagesController#root as HTML
  Rendering static_pages/root.html.erb within layouts/application
  Rendered static_pages/root.html.erb within layouts/application (0.8ms)
Completed 200 OK in 558ms (Views: 557.2ms | ActiveRecord: 0.0ms)


Started GET "/api/todos" for 127.0.0.1 at 2018-12-04 16:54:49 -0800
Processing by Api::TodosController#index as JSON
  [1m[36mTodo Load (7.2ms)[0m  [1m[34mSELECT "todos".* FROM "todos"[0m
  ↳ app/controllers/api/todos_controller.rb:8
Completed 200 OK in 33ms (Views: 8.1ms | ActiveRecord: 24.0ms)


Started POST "/api/todos" for 127.0.0.1 at 2018-12-04 16:54:51 -0800
Processing by Api::TodosController#create as JSON
  Parameters: {"todo"=>{"body"=>"", "title"=>"", "done"=>"false"}}
  [1m[35m (0.3ms)[0m  [1m[35mBEGIN[0m
  ↳ app/controllers/api/todos_controller.rb:13
  [1m[35m (0.2ms)[0m  [1m[31mROLLBACK[0m
  ↳ app/controllers/api/todos_controller.rb:13
Completed 422 Unprocessable Entity in 7ms (Views: 0.2ms | ActiveRecord: 0.5ms)


Started GET "/" for 127.0.0.1 at 2018-12-04 16:55:34 -0800
Processing by StaticPagesController#root as HTML
  Rendering static_pages/root.html.erb within layouts/application
  Rendered static_pages/root.html.erb within layouts/application (0.9ms)
Completed 200 OK in 52ms (Views: 50.9ms | ActiveRecord: 0.0ms)


Started GET "/api/todos" for 127.0.0.1 at 2018-12-04 16:55:34 -0800
Processing by Api::TodosController#index as JSON
  [1m[36mTodo Load (0.7ms)[0m  [1m[34mSELECT "todos".* FROM "todos"[0m
  ↳ app/controllers/api/todos_controller.rb:8
Completed 200 OK in 3ms (Views: 2.2ms | ActiveRecord: 0.7ms)


Started POST "/api/todos" for 127.0.0.1 at 2018-12-04 16:55:35 -0800
Processing by Api::TodosController#create as JSON
  Parameters: {"todo"=>{"body"=>"", "title"=>"", "done"=>"false"}}
  [1m[35m (0.3ms)[0m  [1m[35mBEGIN[0m
  ↳ app/controllers/api/todos_controller.rb:13
  [1m[35m (0.2ms)[0m  [1m[31mROLLBACK[0m
  ↳ app/controllers/api/todos_controller.rb:13
Completed 422 Unprocessable Entity in 6ms (Views: 0.2ms | ActiveRecord: 0.5ms)


Started GET "/" for 127.0.0.1 at 2018-12-04 16:55:41 -0800
Processing by StaticPagesController#root as HTML
  Rendering static_pages/root.html.erb within layouts/application
  Rendered static_pages/root.html.erb within layouts/application (2.8ms)
Completed 200 OK in 506ms (Views: 505.8ms | ActiveRecord: 0.0ms)


Started GET "/" for 127.0.0.1 at 2018-12-04 16:56:05 -0800
Processing by StaticPagesController#root as HTML
  Rendering static_pages/root.html.erb within layouts/application
  Rendered static_pages/root.html.erb within layouts/application (0.6ms)
Completed 200 OK in 516ms (Views: 514.6ms | ActiveRecord: 0.0ms)


Started GET "/" for 127.0.0.1 at 2018-12-04 16:56:16 -0800
Processing by StaticPagesController#root as HTML
  Rendering static_pages/root.html.erb within layouts/application
  Rendered static_pages/root.html.erb within layouts/application (0.6ms)
Completed 200 OK in 133ms (Views: 133.1ms | ActiveRecord: 0.0ms)


Started GET "/api/todos" for 127.0.0.1 at 2018-12-04 16:56:16 -0800
Processing by Api::TodosController#index as JSON
  [1m[36mTodo Load (0.9ms)[0m  [1m[34mSELECT "todos".* FROM "todos"[0m
  ↳ app/controllers/api/todos_controller.rb:8
Completed 200 OK in 4ms (Views: 2.6ms | ActiveRecord: 0.9ms)


Started POST "/api/todos" for 127.0.0.1 at 2018-12-04 16:56:24 -0800
Processing by Api::TodosController#create as JSON
  Parameters: {"todo"=>{"body"=>"", "title"=>"", "done"=>"false"}}
  [1m[35m (0.3ms)[0m  [1m[35mBEGIN[0m
  ↳ app/controllers/api/todos_controller.rb:13
  [1m[35m (0.2ms)[0m  [1m[31mROLLBACK[0m
  ↳ app/controllers/api/todos_controller.rb:13
Completed 422 Unprocessable Entity in 7ms (Views: 0.2ms | ActiveRecord: 0.5ms)


Started GET "/" for 127.0.0.1 at 2018-12-04 16:56:48 -0800
Processing by StaticPagesController#root as HTML
  Rendering static_pages/root.html.erb within layouts/application
  Rendered static_pages/root.html.erb within layouts/application (0.5ms)
Completed 200 OK in 498ms (Views: 497.4ms | ActiveRecord: 0.0ms)


Started GET "/api/todos" for 127.0.0.1 at 2018-12-04 16:56:49 -0800
Processing by Api::TodosController#index as JSON
  [1m[36mTodo Load (4.7ms)[0m  [1m[34mSELECT "todos".* FROM "todos"[0m
  ↳ app/controllers/api/todos_controller.rb:8
Completed 200 OK in 12ms (Views: 4.4ms | ActiveRecord: 4.7ms)


Started POST "/api/todos" for 127.0.0.1 at 2018-12-04 16:56:50 -0800
Processing by Api::TodosController#create as JSON
  Parameters: {"todo"=>{"body"=>"", "title"=>"", "done"=>"false"}}
  [1m[35m (0.2ms)[0m  [1m[35mBEGIN[0m
  ↳ app/controllers/api/todos_controller.rb:13
  [1m[35m (0.2ms)[0m  [1m[31mROLLBACK[0m
  ↳ app/controllers/api/todos_controller.rb:13
Completed 422 Unprocessable Entity in 5ms (Views: 0.2ms | ActiveRecord: 0.4ms)


Started GET "/" for 127.0.0.1 at 2018-12-04 16:57:24 -0800
Processing by StaticPagesController#root as HTML
  Rendering static_pages/root.html.erb within layouts/application
  Rendered static_pages/root.html.erb within layouts/application (0.4ms)
Completed 200 OK in 656ms (Views: 655.3ms | ActiveRecord: 0.0ms)


Started GET "/api/todos" for 127.0.0.1 at 2018-12-04 16:57:25 -0800
Processing by Api::TodosController#index as JSON
  [1m[36mTodo Load (0.5ms)[0m  [1m[34mSELECT "todos".* FROM "todos"[0m
  ↳ app/controllers/api/todos_controller.rb:8
Completed 200 OK in 5ms (Views: 3.3ms | ActiveRecord: 0.5ms)


Started POST "/api/todos" for 127.0.0.1 at 2018-12-04 16:57:26 -0800
Processing by Api::TodosController#create as JSON
  Parameters: {"todo"=>{"body"=>"", "title"=>"", "done"=>"false"}}
  [1m[35m (0.8ms)[0m  [1m[35mBEGIN[0m
  ↳ app/controllers/api/todos_controller.rb:13
  [1m[35m (0.3ms)[0m  [1m[31mROLLBACK[0m
  ↳ app/controllers/api/todos_controller.rb:13
Completed 422 Unprocessable Entity in 12ms (Views: 0.4ms | ActiveRecord: 1.1ms)


Started GET "/" for 127.0.0.1 at 2018-12-04 16:57:51 -0800
Processing by StaticPagesController#root as HTML
  Rendering static_pages/root.html.erb within layouts/application
  Rendered static_pages/root.html.erb within layouts/application (1.2ms)
Completed 200 OK in 410ms (Views: 409.3ms | ActiveRecord: 0.0ms)


Started GET "/api/todos" for 127.0.0.1 at 2018-12-04 16:57:52 -0800
Processing by Api::TodosController#index as JSON
  [1m[36mTodo Load (0.9ms)[0m  [1m[34mSELECT "todos".* FROM "todos"[0m
  ↳ app/controllers/api/todos_controller.rb:8
Completed 200 OK in 5ms (Views: 4.1ms | ActiveRecord: 0.9ms)


Started POST "/api/todos" for 127.0.0.1 at 2018-12-04 16:57:53 -0800
Processing by Api::TodosController#create as JSON
  Parameters: {"todo"=>{"body"=>"", "title"=>"", "done"=>"false"}}
  [1m[35m (0.2ms)[0m  [1m[35mBEGIN[0m
  ↳ app/controllers/api/todos_controller.rb:13
  [1m[35m (0.3ms)[0m  [1m[31mROLLBACK[0m
  ↳ app/controllers/api/todos_controller.rb:13
Completed 422 Unprocessable Entity in 12ms (Views: 0.2ms | ActiveRecord: 0.5ms)


Started POST "/api/todos" for 127.0.0.1 at 2018-12-04 16:58:00 -0800
Processing by Api::TodosController#create as JSON
  Parameters: {"todo"=>{"body"=>"", "title"=>"hey", "done"=>"false"}}
  [1m[35m (0.2ms)[0m  [1m[35mBEGIN[0m
  ↳ app/controllers/api/todos_controller.rb:13
  [1m[35m (0.3ms)[0m  [1m[31mROLLBACK[0m
  ↳ app/controllers/api/todos_controller.rb:13
Completed 422 Unprocessable Entity in 17ms (Views: 0.2ms | ActiveRecord: 0.4ms)


